[2025-04-11 04:17:14] Hello from authorize.php
[2025-04-11 04:18:28] Entered authorize.php
[2025-04-11 04:18:28] Authorization valid, issuing code...
[2025-04-11 04:18:28] Authorization complete and response sent
[2025-04-12 00:47:07] Entered authorize.php
[2025-04-12 00:47:07] Invalid authorize request
[2025-04-12 00:50:44] Entered authorize.php
[2025-04-12 00:50:44] Authorization valid, issuing code...
[2025-04-12 00:50:44] Authorization complete and response sent
[2025-04-12 01:11:28] Entered authorize.php
[2025-04-12 01:11:28] Invalid authorize request
[2025-04-12 01:12:05] Entered authorize.php
[2025-04-12 01:12:05] Invalid authorize request
[2025-04-12 01:15:24] Entered authorize.php
[2025-04-12 01:15:24] Authorization valid, issuing code...
[2025-04-12 01:15:24] Authorization complete and response sent
[2025-04-12 01:18:36] Entered authorize.php
[2025-04-12 01:18:36] Authorization valid, issuing code...
[2025-04-12 01:18:36] Authorization complete and response sent
[2025-04-12 01:19:28] Entered authorize.php
[2025-04-12 01:19:28] Authorization valid, issuing code...
[2025-04-12 01:19:28] Authorization complete and response sent
[2025-04-12 01:24:02] Entered authorize.php
[2025-04-12 01:24:02] Authorization valid, issuing code...
[2025-04-12 01:24:02] Authorization complete and response sent
[2025-04-12 01:32:46] Entered authorize.php
[2025-04-12 01:32:46] Authorization valid, issuing code...
[2025-04-12 01:32:46] Authorization complete and response sent
[2025-04-12 01:34:22] Entered authorize.php
[2025-04-12 01:34:22] Authorization valid, issuing code...
[2025-04-12 01:34:22] Authorization complete and response sent
[2025-04-12 01:36:42] Entered authorize.php
[2025-04-12 01:36:42] Authorization valid, issuing code...
[2025-04-12 01:36:42] Authorization complete and response sent
[2025-04-12 01:41:23] Entered authorize.php
[2025-04-12 01:41:23] Authorization valid, issuing code...
[2025-04-12 01:41:23] Authorization complete and response sent
[2025-04-12 01:41:53] Entered authorize.php
[2025-04-12 01:41:54] Authorization valid, issuing code...
[2025-04-12 01:41:54] Authorization complete and response sent
[2025-04-12 01:57:40] Entered authorize.php
[2025-04-12 01:57:40] Authorization valid, issuing code...
[2025-04-12 01:57:40] Authorization complete and response sent
[2025-04-12 02:02:28] Entered authorize.php
[2025-04-12 02:02:28] Authorization valid, issuing code...
[2025-04-12 02:02:28] Authorization complete and response sent
[2025-04-19 18:38:40] Entered authorize.php
[2025-04-19 18:38:41] Authorization valid, issuing code...
[2025-04-19 18:38:41] Authorization complete and response sent
[2025-04-26 18:24:59] Authorization complete and response sent
[2025-04-26 18:25:19] Authorization complete and response sent
[2025-04-26 18:44:37] Authorization complete and response sent
[2025-04-26 18:48:17] Authorization complete and response sent
